2023-06-20T07:02:24+00:00 CRITICAL Uncaught Error: Call to undefined function echoesc_attr() in C:\wamp64\www\delta-theme-wp23\wp-content\themes\deltatheme\functions.php:1028
Stack trace:
#0 C:\wamp64\www\delta-theme-wp23\wp-includes\class-wp-hook.php(308): theme_customize_css('')
#1 C:\wamp64\www\delta-theme-wp23\wp-includes\class-wp-hook.php(332): WP_Hook->apply_filters(NULL, Array)
#2 C:\wamp64\www\delta-theme-wp23\wp-includes\plugin.php(517): WP_Hook->do_action(Array)
#3 C:\wamp64\www\delta-theme-wp23\wp-includes\general-template.php(3049): do_action('wp_head')
#4 C:\wamp64\www\delta-theme-wp23\wp-content\themes\deltatheme\header.php(11): wp_head()
#5 C:\wamp64\www\delta-theme-wp23\wp-includes\template.php(783): require_once('C:\\wamp64\\www\\d...')
#6 C:\wamp64\www\delta-theme-wp23\wp-includes\template.php(718): load_template('C:\\wamp64\\www\\d...', true, Array)
#7 C:\wamp64\www\delta-theme-wp23\wp-includes\general-template.php(48): locate_template(Array, true, true, Array)
#8 C:\wamp64\www\delta-theme-wp23\wp-content\themes\deltatheme\front-page.php(1): get_header()
#9 C:\wamp64\www\delta-theme-wp23\wp-includes\template-loader.php(106): include('C:\\wamp64\\www\\d...')
#10 C:\wamp64\www\delta-theme-wp23\wp-blog-header.php(19): require_once('C:\\wamp64\\www\\d...')
#11 C:\wamp64\www\delta-theme-wp23\index.php(17): require('C:\\wamp64\\www\\d...')
#12 {main}
  thrown dans C:\wamp64\www\delta-theme-wp23\wp-content\themes\deltatheme\functions.php à la ligne 1028

2023-06-20T07:03:31+00:00 CRITICAL Uncaught Error: Call to undefined function echoesc_attr() in C:\wamp64\www\delta-theme-wp23\wp-content\themes\deltatheme\functions.php:1028
Stack trace:
#0 C:\wamp64\www\delta-theme-wp23\wp-includes\class-wp-hook.php(308): theme_customize_css('')
#1 C:\wamp64\www\delta-theme-wp23\wp-includes\class-wp-hook.php(332): WP_Hook->apply_filters(NULL, Array)
#2 C:\wamp64\www\delta-theme-wp23\wp-includes\plugin.php(517): WP_Hook->do_action(Array)
#3 C:\wamp64\www\delta-theme-wp23\wp-includes\general-template.php(3049): do_action('wp_head')
#4 C:\wamp64\www\delta-theme-wp23\wp-content\themes\deltatheme\header.php(11): wp_head()
#5 C:\wamp64\www\delta-theme-wp23\wp-includes\template.php(783): require_once('C:\\wamp64\\www\\d...')
#6 C:\wamp64\www\delta-theme-wp23\wp-includes\template.php(718): load_template('C:\\wamp64\\www\\d...', true, Array)
#7 C:\wamp64\www\delta-theme-wp23\wp-includes\general-template.php(48): locate_template(Array, true, true, Array)
#8 C:\wamp64\www\delta-theme-wp23\wp-content\themes\deltatheme\front-page.php(1): get_header()
#9 C:\wamp64\www\delta-theme-wp23\wp-includes\template-loader.php(106): include('C:\\wamp64\\www\\d...')
#10 C:\wamp64\www\delta-theme-wp23\wp-blog-header.php(19): require_once('C:\\wamp64\\www\\d...')
#11 C:\wamp64\www\delta-theme-wp23\index.php(17): require('C:\\wamp64\\www\\d...')
#12 {main}
  thrown dans C:\wamp64\www\delta-theme-wp23\wp-content\themes\deltatheme\functions.php à la ligne 1028

2023-06-20T07:05:26+00:00 CRITICAL Uncaught Error: Call to undefined function echoesc_attr() in C:\wamp64\www\delta-theme-wp23\wp-content\themes\deltatheme\functions.php:1028
Stack trace:
#0 C:\wamp64\www\delta-theme-wp23\wp-includes\class-wp-hook.php(308): theme_customize_css('')
#1 C:\wamp64\www\delta-theme-wp23\wp-includes\class-wp-hook.php(332): WP_Hook->apply_filters(NULL, Array)
#2 C:\wamp64\www\delta-theme-wp23\wp-includes\plugin.php(517): WP_Hook->do_action(Array)
#3 C:\wamp64\www\delta-theme-wp23\wp-includes\general-template.php(3049): do_action('wp_head')
#4 C:\wamp64\www\delta-theme-wp23\wp-content\themes\deltatheme\header.php(11): wp_head()
#5 C:\wamp64\www\delta-theme-wp23\wp-includes\template.php(783): require_once('C:\\wamp64\\www\\d...')
#6 C:\wamp64\www\delta-theme-wp23\wp-includes\template.php(718): load_template('C:\\wamp64\\www\\d...', true, Array)
#7 C:\wamp64\www\delta-theme-wp23\wp-includes\general-template.php(48): locate_template(Array, true, true, Array)
#8 C:\wamp64\www\delta-theme-wp23\wp-content\themes\deltatheme\front-page.php(1): get_header()
#9 C:\wamp64\www\delta-theme-wp23\wp-includes\template-loader.php(106): include('C:\\wamp64\\www\\d...')
#10 C:\wamp64\www\delta-theme-wp23\wp-blog-header.php(19): require_once('C:\\wamp64\\www\\d...')
#11 C:\wamp64\www\delta-theme-wp23\index.php(17): require('C:\\wamp64\\www\\d...')
#12 {main}
  thrown dans C:\wamp64\www\delta-theme-wp23\wp-content\themes\deltatheme\functions.php à la ligne 1028

2023-06-20T07:05:34+00:00 CRITICAL Uncaught Error: Call to undefined function echoesc_attr() in C:\wamp64\www\delta-theme-wp23\wp-content\themes\deltatheme\functions.php:1028
Stack trace:
#0 C:\wamp64\www\delta-theme-wp23\wp-includes\class-wp-hook.php(308): theme_customize_css('')
#1 C:\wamp64\www\delta-theme-wp23\wp-includes\class-wp-hook.php(332): WP_Hook->apply_filters(NULL, Array)
#2 C:\wamp64\www\delta-theme-wp23\wp-includes\plugin.php(517): WP_Hook->do_action(Array)
#3 C:\wamp64\www\delta-theme-wp23\wp-includes\general-template.php(3049): do_action('wp_head')
#4 C:\wamp64\www\delta-theme-wp23\wp-content\themes\deltatheme\header.php(11): wp_head()
#5 C:\wamp64\www\delta-theme-wp23\wp-includes\template.php(783): require_once('C:\\wamp64\\www\\d...')
#6 C:\wamp64\www\delta-theme-wp23\wp-includes\template.php(718): load_template('C:\\wamp64\\www\\d...', true, Array)
#7 C:\wamp64\www\delta-theme-wp23\wp-includes\general-template.php(48): locate_template(Array, true, true, Array)
#8 C:\wamp64\www\delta-theme-wp23\wp-content\themes\deltatheme\front-page.php(1): get_header()
#9 C:\wamp64\www\delta-theme-wp23\wp-includes\template-loader.php(106): include('C:\\wamp64\\www\\d...')
#10 C:\wamp64\www\delta-theme-wp23\wp-blog-header.php(19): require_once('C:\\wamp64\\www\\d...')
#11 C:\wamp64\www\delta-theme-wp23\index.php(17): require('C:\\wamp64\\www\\d...')
#12 {main}
  thrown dans C:\wamp64\www\delta-theme-wp23\wp-content\themes\deltatheme\functions.php à la ligne 1028

2023-06-20T07:07:38+00:00 CRITICAL Uncaught Error: Call to undefined function echoesc_attr() in C:\wamp64\www\delta-theme-wp23\wp-content\themes\deltatheme\functions.php:1028
Stack trace:
#0 C:\wamp64\www\delta-theme-wp23\wp-includes\class-wp-hook.php(308): theme_customize_css('')
#1 C:\wamp64\www\delta-theme-wp23\wp-includes\class-wp-hook.php(332): WP_Hook->apply_filters(NULL, Array)
#2 C:\wamp64\www\delta-theme-wp23\wp-includes\plugin.php(517): WP_Hook->do_action(Array)
#3 C:\wamp64\www\delta-theme-wp23\wp-includes\general-template.php(3049): do_action('wp_head')
#4 C:\wamp64\www\delta-theme-wp23\wp-content\themes\deltatheme\header.php(11): wp_head()
#5 C:\wamp64\www\delta-theme-wp23\wp-includes\template.php(783): require_once('C:\\wamp64\\www\\d...')
#6 C:\wamp64\www\delta-theme-wp23\wp-includes\template.php(718): load_template('C:\\wamp64\\www\\d...', true, Array)
#7 C:\wamp64\www\delta-theme-wp23\wp-includes\general-template.php(48): locate_template(Array, true, true, Array)
#8 C:\wamp64\www\delta-theme-wp23\wp-content\themes\deltatheme\front-page.php(1): get_header()
#9 C:\wamp64\www\delta-theme-wp23\wp-includes\template-loader.php(106): include('C:\\wamp64\\www\\d...')
#10 C:\wamp64\www\delta-theme-wp23\wp-blog-header.php(19): require_once('C:\\wamp64\\www\\d...')
#11 C:\wamp64\www\delta-theme-wp23\index.php(17): require('C:\\wamp64\\www\\d...')
#12 {main}
  thrown dans C:\wamp64\www\delta-theme-wp23\wp-content\themes\deltatheme\functions.php à la ligne 1028

2023-06-20T07:11:53+00:00 CRITICAL Uncaught Error: Call to undefined function echoesc_attr() in C:\wamp64\www\delta-theme-wp23\wp-content\themes\deltatheme\functions.php:1028
Stack trace:
#0 C:\wamp64\www\delta-theme-wp23\wp-includes\class-wp-hook.php(308): theme_customize_css('')
#1 C:\wamp64\www\delta-theme-wp23\wp-includes\class-wp-hook.php(332): WP_Hook->apply_filters(NULL, Array)
#2 C:\wamp64\www\delta-theme-wp23\wp-includes\plugin.php(517): WP_Hook->do_action(Array)
#3 C:\wamp64\www\delta-theme-wp23\wp-includes\general-template.php(3049): do_action('wp_head')
#4 C:\wamp64\www\delta-theme-wp23\wp-content\themes\deltatheme\header.php(11): wp_head()
#5 C:\wamp64\www\delta-theme-wp23\wp-includes\template.php(783): require_once('C:\\wamp64\\www\\d...')
#6 C:\wamp64\www\delta-theme-wp23\wp-includes\template.php(718): load_template('C:\\wamp64\\www\\d...', true, Array)
#7 C:\wamp64\www\delta-theme-wp23\wp-includes\general-template.php(48): locate_template(Array, true, true, Array)
#8 C:\wamp64\www\delta-theme-wp23\wp-content\themes\deltatheme\front-page.php(1): get_header()
#9 C:\wamp64\www\delta-theme-wp23\wp-includes\template-loader.php(106): include('C:\\wamp64\\www\\d...')
#10 C:\wamp64\www\delta-theme-wp23\wp-blog-header.php(19): require_once('C:\\wamp64\\www\\d...')
#11 C:\wamp64\www\delta-theme-wp23\index.php(17): require('C:\\wamp64\\www\\d...')
#12 {main}
  thrown dans C:\wamp64\www\delta-theme-wp23\wp-content\themes\deltatheme\functions.php à la ligne 1028

2023-06-20T07:13:49+00:00 CRITICAL Uncaught Error: Call to undefined function echoesc_attr() in C:\wamp64\www\delta-theme-wp23\wp-content\themes\deltatheme\functions.php:1028
Stack trace:
#0 C:\wamp64\www\delta-theme-wp23\wp-includes\class-wp-hook.php(308): theme_customize_css('')
#1 C:\wamp64\www\delta-theme-wp23\wp-includes\class-wp-hook.php(332): WP_Hook->apply_filters(NULL, Array)
#2 C:\wamp64\www\delta-theme-wp23\wp-includes\plugin.php(517): WP_Hook->do_action(Array)
#3 C:\wamp64\www\delta-theme-wp23\wp-includes\general-template.php(3049): do_action('wp_head')
#4 C:\wamp64\www\delta-theme-wp23\wp-content\themes\deltatheme\header.php(11): wp_head()
#5 C:\wamp64\www\delta-theme-wp23\wp-includes\template.php(783): require_once('C:\\wamp64\\www\\d...')
#6 C:\wamp64\www\delta-theme-wp23\wp-includes\template.php(718): load_template('C:\\wamp64\\www\\d...', true, Array)
#7 C:\wamp64\www\delta-theme-wp23\wp-includes\general-template.php(48): locate_template(Array, true, true, Array)
#8 C:\wamp64\www\delta-theme-wp23\wp-content\themes\deltatheme\front-page.php(1): get_header()
#9 C:\wamp64\www\delta-theme-wp23\wp-includes\template-loader.php(106): include('C:\\wamp64\\www\\d...')
#10 C:\wamp64\www\delta-theme-wp23\wp-blog-header.php(19): require_once('C:\\wamp64\\www\\d...')
#11 C:\wamp64\www\delta-theme-wp23\index.php(17): require('C:\\wamp64\\www\\d...')
#12 {main}
  thrown dans C:\wamp64\www\delta-theme-wp23\wp-content\themes\deltatheme\functions.php à la ligne 1028

2023-06-20T07:15:46+00:00 CRITICAL Uncaught Error: Call to undefined function echoesc_attr() in C:\wamp64\www\delta-theme-wp23\wp-content\themes\deltatheme\functions.php:1028
Stack trace:
#0 C:\wamp64\www\delta-theme-wp23\wp-includes\class-wp-hook.php(308): theme_customize_css('')
#1 C:\wamp64\www\delta-theme-wp23\wp-includes\class-wp-hook.php(332): WP_Hook->apply_filters(NULL, Array)
#2 C:\wamp64\www\delta-theme-wp23\wp-includes\plugin.php(517): WP_Hook->do_action(Array)
#3 C:\wamp64\www\delta-theme-wp23\wp-includes\general-template.php(3049): do_action('wp_head')
#4 C:\wamp64\www\delta-theme-wp23\wp-content\themes\deltatheme\header.php(11): wp_head()
#5 C:\wamp64\www\delta-theme-wp23\wp-includes\template.php(783): require_once('C:\\wamp64\\www\\d...')
#6 C:\wamp64\www\delta-theme-wp23\wp-includes\template.php(718): load_template('C:\\wamp64\\www\\d...', true, Array)
#7 C:\wamp64\www\delta-theme-wp23\wp-includes\general-template.php(48): locate_template(Array, true, true, Array)
#8 C:\wamp64\www\delta-theme-wp23\wp-content\themes\deltatheme\front-page.php(1): get_header()
#9 C:\wamp64\www\delta-theme-wp23\wp-includes\template-loader.php(106): include('C:\\wamp64\\www\\d...')
#10 C:\wamp64\www\delta-theme-wp23\wp-blog-header.php(19): require_once('C:\\wamp64\\www\\d...')
#11 C:\wamp64\www\delta-theme-wp23\index.php(17): require('C:\\wamp64\\www\\d...')
#12 {main}
  thrown dans C:\wamp64\www\delta-theme-wp23\wp-content\themes\deltatheme\functions.php à la ligne 1028

2023-06-20T07:16:29+00:00 CRITICAL Uncaught Error: Call to undefined function echoesc_attr() in C:\wamp64\www\delta-theme-wp23\wp-content\themes\deltatheme\functions.php:1028
Stack trace:
#0 C:\wamp64\www\delta-theme-wp23\wp-includes\class-wp-hook.php(308): theme_customize_css('')
#1 C:\wamp64\www\delta-theme-wp23\wp-includes\class-wp-hook.php(332): WP_Hook->apply_filters(NULL, Array)
#2 C:\wamp64\www\delta-theme-wp23\wp-includes\plugin.php(517): WP_Hook->do_action(Array)
#3 C:\wamp64\www\delta-theme-wp23\wp-includes\general-template.php(3049): do_action('wp_head')
#4 C:\wamp64\www\delta-theme-wp23\wp-content\themes\deltatheme\header.php(11): wp_head()
#5 C:\wamp64\www\delta-theme-wp23\wp-includes\template.php(783): require_once('C:\\wamp64\\www\\d...')
#6 C:\wamp64\www\delta-theme-wp23\wp-includes\template.php(718): load_template('C:\\wamp64\\www\\d...', true, Array)
#7 C:\wamp64\www\delta-theme-wp23\wp-includes\general-template.php(48): locate_template(Array, true, true, Array)
#8 C:\wamp64\www\delta-theme-wp23\wp-content\themes\deltatheme\front-page.php(1): get_header()
#9 C:\wamp64\www\delta-theme-wp23\wp-includes\template-loader.php(106): include('C:\\wamp64\\www\\d...')
#10 C:\wamp64\www\delta-theme-wp23\wp-blog-header.php(19): require_once('C:\\wamp64\\www\\d...')
#11 C:\wamp64\www\delta-theme-wp23\index.php(17): require('C:\\wamp64\\www\\d...')
#12 {main}
  thrown dans C:\wamp64\www\delta-theme-wp23\wp-content\themes\deltatheme\functions.php à la ligne 1028

2023-06-20T07:16:38+00:00 CRITICAL Uncaught Error: Call to undefined function echoesc_attr() in C:\wamp64\www\delta-theme-wp23\wp-content\themes\deltatheme\functions.php:1028
Stack trace:
#0 C:\wamp64\www\delta-theme-wp23\wp-includes\class-wp-hook.php(308): theme_customize_css('')
#1 C:\wamp64\www\delta-theme-wp23\wp-includes\class-wp-hook.php(332): WP_Hook->apply_filters(NULL, Array)
#2 C:\wamp64\www\delta-theme-wp23\wp-includes\plugin.php(517): WP_Hook->do_action(Array)
#3 C:\wamp64\www\delta-theme-wp23\wp-includes\general-template.php(3049): do_action('wp_head')
#4 C:\wamp64\www\delta-theme-wp23\wp-content\themes\deltatheme\header.php(11): wp_head()
#5 C:\wamp64\www\delta-theme-wp23\wp-includes\template.php(783): require_once('C:\\wamp64\\www\\d...')
#6 C:\wamp64\www\delta-theme-wp23\wp-includes\template.php(718): load_template('C:\\wamp64\\www\\d...', true, Array)
#7 C:\wamp64\www\delta-theme-wp23\wp-includes\general-template.php(48): locate_template(Array, true, true, Array)
#8 C:\wamp64\www\delta-theme-wp23\wp-content\themes\deltatheme\front-page.php(1): get_header()
#9 C:\wamp64\www\delta-theme-wp23\wp-includes\template-loader.php(106): include('C:\\wamp64\\www\\d...')
#10 C:\wamp64\www\delta-theme-wp23\wp-blog-header.php(19): require_once('C:\\wamp64\\www\\d...')
#11 C:\wamp64\www\delta-theme-wp23\index.php(17): require('C:\\wamp64\\www\\d...')
#12 {main}
  thrown dans C:\wamp64\www\delta-theme-wp23\wp-content\themes\deltatheme\functions.php à la ligne 1028

2023-06-20T07:17:09+00:00 CRITICAL Uncaught Error: Call to undefined function echoesc_attr() in C:\wamp64\www\delta-theme-wp23\wp-content\themes\deltatheme\functions.php:1028
Stack trace:
#0 C:\wamp64\www\delta-theme-wp23\wp-includes\class-wp-hook.php(308): theme_customize_css('')
#1 C:\wamp64\www\delta-theme-wp23\wp-includes\class-wp-hook.php(332): WP_Hook->apply_filters(NULL, Array)
#2 C:\wamp64\www\delta-theme-wp23\wp-includes\plugin.php(517): WP_Hook->do_action(Array)
#3 C:\wamp64\www\delta-theme-wp23\wp-includes\general-template.php(3049): do_action('wp_head')
#4 C:\wamp64\www\delta-theme-wp23\wp-content\themes\deltatheme\header.php(11): wp_head()
#5 C:\wamp64\www\delta-theme-wp23\wp-includes\template.php(783): require_once('C:\\wamp64\\www\\d...')
#6 C:\wamp64\www\delta-theme-wp23\wp-includes\template.php(718): load_template('C:\\wamp64\\www\\d...', true, Array)
#7 C:\wamp64\www\delta-theme-wp23\wp-includes\general-template.php(48): locate_template(Array, true, true, Array)
#8 C:\wamp64\www\delta-theme-wp23\wp-content\themes\deltatheme\front-page.php(1): get_header()
#9 C:\wamp64\www\delta-theme-wp23\wp-includes\template-loader.php(106): include('C:\\wamp64\\www\\d...')
#10 C:\wamp64\www\delta-theme-wp23\wp-blog-header.php(19): require_once('C:\\wamp64\\www\\d...')
#11 C:\wamp64\www\delta-theme-wp23\index.php(17): require('C:\\wamp64\\www\\d...')
#12 {main}
  thrown dans C:\wamp64\www\delta-theme-wp23\wp-content\themes\deltatheme\functions.php à la ligne 1028

2023-06-20T07:28:00+00:00 CRITICAL Uncaught Error: Call to undefined function echoesc_attr() in C:\wamp64\www\delta-theme-wp23\wp-content\themes\deltatheme\functions.php:1028
Stack trace:
#0 C:\wamp64\www\delta-theme-wp23\wp-includes\class-wp-hook.php(308): theme_customize_css('')
#1 C:\wamp64\www\delta-theme-wp23\wp-includes\class-wp-hook.php(332): WP_Hook->apply_filters(NULL, Array)
#2 C:\wamp64\www\delta-theme-wp23\wp-includes\plugin.php(517): WP_Hook->do_action(Array)
#3 C:\wamp64\www\delta-theme-wp23\wp-includes\general-template.php(3049): do_action('wp_head')
#4 C:\wamp64\www\delta-theme-wp23\wp-content\themes\deltatheme\header.php(11): wp_head()
#5 C:\wamp64\www\delta-theme-wp23\wp-includes\template.php(783): require_once('C:\\wamp64\\www\\d...')
#6 C:\wamp64\www\delta-theme-wp23\wp-includes\template.php(718): load_template('C:\\wamp64\\www\\d...', true, Array)
#7 C:\wamp64\www\delta-theme-wp23\wp-includes\general-template.php(48): locate_template(Array, true, true, Array)
#8 C:\wamp64\www\delta-theme-wp23\wp-content\themes\deltatheme\front-page.php(1): get_header()
#9 C:\wamp64\www\delta-theme-wp23\wp-includes\template-loader.php(106): include('C:\\wamp64\\www\\d...')
#10 C:\wamp64\www\delta-theme-wp23\wp-blog-header.php(19): require_once('C:\\wamp64\\www\\d...')
#11 C:\wamp64\www\delta-theme-wp23\index.php(17): require('C:\\wamp64\\www\\d...')
#12 {main}
  thrown dans C:\wamp64\www\delta-theme-wp23\wp-content\themes\deltatheme\functions.php à la ligne 1028

2023-06-20T07:29:16+00:00 CRITICAL Uncaught Error: Call to undefined function echoesc_attr() in C:\wamp64\www\delta-theme-wp23\wp-content\themes\deltatheme\functions.php:1028
Stack trace:
#0 C:\wamp64\www\delta-theme-wp23\wp-includes\class-wp-hook.php(308): theme_customize_css('')
#1 C:\wamp64\www\delta-theme-wp23\wp-includes\class-wp-hook.php(332): WP_Hook->apply_filters(NULL, Array)
#2 C:\wamp64\www\delta-theme-wp23\wp-includes\plugin.php(517): WP_Hook->do_action(Array)
#3 C:\wamp64\www\delta-theme-wp23\wp-includes\general-template.php(3049): do_action('wp_head')
#4 C:\wamp64\www\delta-theme-wp23\wp-content\themes\deltatheme\header.php(11): wp_head()
#5 C:\wamp64\www\delta-theme-wp23\wp-includes\template.php(783): require_once('C:\\wamp64\\www\\d...')
#6 C:\wamp64\www\delta-theme-wp23\wp-includes\template.php(718): load_template('C:\\wamp64\\www\\d...', true, Array)
#7 C:\wamp64\www\delta-theme-wp23\wp-includes\general-template.php(48): locate_template(Array, true, true, Array)
#8 C:\wamp64\www\delta-theme-wp23\wp-content\themes\deltatheme\front-page.php(1): get_header()
#9 C:\wamp64\www\delta-theme-wp23\wp-includes\template-loader.php(106): include('C:\\wamp64\\www\\d...')
#10 C:\wamp64\www\delta-theme-wp23\wp-blog-header.php(19): require_once('C:\\wamp64\\www\\d...')
#11 C:\wamp64\www\delta-theme-wp23\index.php(17): require('C:\\wamp64\\www\\d...')
#12 {main}
  thrown dans C:\wamp64\www\delta-theme-wp23\wp-content\themes\deltatheme\functions.php à la ligne 1028

2023-06-20T09:08:24+00:00 CRITICAL syntax error, unexpected token "function" dans C:\wamp64\www\delta-theme-wp23\wp-content\themes\deltatheme\functions.php à la ligne 150

