2023-06-19T08:05:28+00:00 CRITICAL Uncaught Error: Failed opening required 'C:\wamp64\www\delta-theme-wp23/wp-content/themes/deltatheme/class-wp-bootstrap-navwalker.php' (include_path='C:\wamp64\www\delta-theme-wp23\wp-content\plugins\backwpup\vendor/pear/archive_tar;C:\wamp64\www\delta-theme-wp23\wp-content\plugins\backwpup\vendor/pear/console_getopt;C:\wamp64\www\delta-theme-wp23\wp-content\plugins\backwpup\vendor/pear/pear-core-minimal/src;C:\wamp64\www\delta-theme-wp23\wp-content\plugins\backwpup\vendor/pear/pear_exception;.;C:\php\pear') in C:\wamp64\www\delta-theme-wp23\wp-content\themes\deltatheme\functions.php:37
Stack trace:
#0 C:\wamp64\www\delta-theme-wp23\wp-includes\class-wp-hook.php(308): register_navwalker('')
#1 C:\wamp64\www\delta-theme-wp23\wp-includes\class-wp-hook.php(332): WP_Hook->apply_filters(NULL, Array)
#2 C:\wamp64\www\delta-theme-wp23\wp-includes\plugin.php(517): WP_Hook->do_action(Array)
#3 C:\wamp64\www\delta-theme-wp23\wp-settings.php(601): do_action('after_setup_the...')
#4 C:\wamp64\www\delta-theme-wp23\wp-config.php(96): require_once('C:\\wamp64\\www\\d...')
#5 C:\wamp64\www\delta-theme-wp23\wp-load.php(50): require_once('C:\\wamp64\\www\\d...')
#6 C:\wamp64\www\delta-theme-wp23\wp-admin\admin.php(34): require_once('C:\\wamp64\\www\\d...')
#7 C:\wamp64\www\delta-theme-wp23\wp-admin\nav-menus.php(13): require_once('C:\\wamp64\\www\\d...')
#8 {main}
  thrown dans C:\wamp64\www\delta-theme-wp23\wp-content\themes\deltatheme\functions.php à la ligne 37

2023-06-19T08:06:09+00:00 CRITICAL Uncaught Error: Failed opening required 'C:\wamp64\www\delta-theme-wp23/wp-content/themes/deltatheme/class-wp-bootstrap-navwalker.php' (include_path='C:\wamp64\www\delta-theme-wp23\wp-content\plugins\backwpup\vendor/pear/archive_tar;C:\wamp64\www\delta-theme-wp23\wp-content\plugins\backwpup\vendor/pear/console_getopt;C:\wamp64\www\delta-theme-wp23\wp-content\plugins\backwpup\vendor/pear/pear-core-minimal/src;C:\wamp64\www\delta-theme-wp23\wp-content\plugins\backwpup\vendor/pear/pear_exception;.;C:\php\pear') in C:\wamp64\www\delta-theme-wp23\wp-content\themes\deltatheme\functions.php:40
Stack trace:
#0 C:\wamp64\www\delta-theme-wp23\wp-includes\class-wp-hook.php(308): register_navwalker('')
#1 C:\wamp64\www\delta-theme-wp23\wp-includes\class-wp-hook.php(332): WP_Hook->apply_filters(NULL, Array)
#2 C:\wamp64\www\delta-theme-wp23\wp-includes\plugin.php(517): WP_Hook->do_action(Array)
#3 C:\wamp64\www\delta-theme-wp23\wp-settings.php(601): do_action('after_setup_the...')
#4 C:\wamp64\www\delta-theme-wp23\wp-config.php(96): require_once('C:\\wamp64\\www\\d...')
#5 C:\wamp64\www\delta-theme-wp23\wp-load.php(50): require_once('C:\\wamp64\\www\\d...')
#6 C:\wamp64\www\delta-theme-wp23\wp-admin\admin.php(34): require_once('C:\\wamp64\\www\\d...')
#7 C:\wamp64\www\delta-theme-wp23\wp-admin\nav-menus.php(13): require_once('C:\\wamp64\\www\\d...')
#8 {main}
  thrown dans C:\wamp64\www\delta-theme-wp23\wp-content\themes\deltatheme\functions.php à la ligne 40

2023-06-19T08:07:15+00:00 CRITICAL Uncaught Error: Failed opening required 'C:\wamp64\www\delta-theme-wp23/wp-content/themes/deltatheme/class-wp-bootstrap-navwalker.php' (include_path='C:\wamp64\www\delta-theme-wp23\wp-content\plugins\backwpup\vendor/pear/archive_tar;C:\wamp64\www\delta-theme-wp23\wp-content\plugins\backwpup\vendor/pear/console_getopt;C:\wamp64\www\delta-theme-wp23\wp-content\plugins\backwpup\vendor/pear/pear-core-minimal/src;C:\wamp64\www\delta-theme-wp23\wp-content\plugins\backwpup\vendor/pear/pear_exception;.;C:\php\pear') in C:\wamp64\www\delta-theme-wp23\wp-content\themes\deltatheme\functions.php:40
Stack trace:
#0 C:\wamp64\www\delta-theme-wp23\wp-includes\class-wp-hook.php(308): register_navwalker('')
#1 C:\wamp64\www\delta-theme-wp23\wp-includes\class-wp-hook.php(332): WP_Hook->apply_filters(NULL, Array)
#2 C:\wamp64\www\delta-theme-wp23\wp-includes\plugin.php(517): WP_Hook->do_action(Array)
#3 C:\wamp64\www\delta-theme-wp23\wp-settings.php(601): do_action('after_setup_the...')
#4 C:\wamp64\www\delta-theme-wp23\wp-config.php(96): require_once('C:\\wamp64\\www\\d...')
#5 C:\wamp64\www\delta-theme-wp23\wp-load.php(50): require_once('C:\\wamp64\\www\\d...')
#6 C:\wamp64\www\delta-theme-wp23\wp-admin\admin.php(34): require_once('C:\\wamp64\\www\\d...')
#7 C:\wamp64\www\delta-theme-wp23\wp-admin\nav-menus.php(13): require_once('C:\\wamp64\\www\\d...')
#8 {main}
  thrown dans C:\wamp64\www\delta-theme-wp23\wp-content\themes\deltatheme\functions.php à la ligne 40

2023-06-19T08:58:35+00:00 CRITICAL syntax error, unexpected single-quoted string "esc_attr", expecting identifier or variable or "{" or "$" dans C:\wamp64\www\delta-theme-wp23\wp-content\themes\deltatheme\functions.php à la ligne 308

2023-06-19T08:58:35+00:00 CRITICAL syntax error, unexpected single-quoted string "esc_attr", expecting identifier or variable or "{" or "$" dans C:\wamp64\www\delta-theme-wp23\wp-content\themes\deltatheme\functions.php à la ligne 308

2023-06-19T09:18:08+00:00 CRITICAL syntax error, unexpected token "array", expecting ")" dans C:\wamp64\www\delta-theme-wp23\wp-content\themes\deltatheme\functions.php à la ligne 501

2023-06-19T09:30:07+00:00 CRITICAL syntax error, unexpected token ";", expecting ")" dans C:\wamp64\www\delta-theme-wp23\wp-content\themes\deltatheme\functions.php à la ligne 994

2023-06-19T09:52:20+00:00 CRITICAL Uncaught Error: Call to undefined function echoesc_attr() in C:\wamp64\www\delta-theme-wp23\wp-content\themes\deltatheme\functions.php:1028
Stack trace:
#0 C:\wamp64\www\delta-theme-wp23\wp-includes\class-wp-hook.php(308): theme_customize_css('')
#1 C:\wamp64\www\delta-theme-wp23\wp-includes\class-wp-hook.php(332): WP_Hook->apply_filters(NULL, Array)
#2 C:\wamp64\www\delta-theme-wp23\wp-includes\plugin.php(517): WP_Hook->do_action(Array)
#3 C:\wamp64\www\delta-theme-wp23\wp-includes\general-template.php(3049): do_action('wp_head')
#4 C:\wamp64\www\delta-theme-wp23\wp-content\themes\deltatheme\header.php(11): wp_head()
#5 C:\wamp64\www\delta-theme-wp23\wp-includes\template.php(783): require_once('C:\\wamp64\\www\\d...')
#6 C:\wamp64\www\delta-theme-wp23\wp-includes\template.php(718): load_template('C:\\wamp64\\www\\d...', true, Array)
#7 C:\wamp64\www\delta-theme-wp23\wp-includes\general-template.php(48): locate_template(Array, true, true, Array)
#8 C:\wamp64\www\delta-theme-wp23\wp-content\themes\deltatheme\front-page.php(1): get_header()
#9 C:\wamp64\www\delta-theme-wp23\wp-includes\template-loader.php(106): include('C:\\wamp64\\www\\d...')
#10 C:\wamp64\www\delta-theme-wp23\wp-blog-header.php(19): require_once('C:\\wamp64\\www\\d...')
#11 C:\wamp64\www\delta-theme-wp23\index.php(17): require('C:\\wamp64\\www\\d...')
#12 {main}
  thrown dans C:\wamp64\www\delta-theme-wp23\wp-content\themes\deltatheme\functions.php à la ligne 1028

2023-06-19T09:52:49+00:00 CRITICAL Uncaught Error: Call to undefined function echoesc_attr() in C:\wamp64\www\delta-theme-wp23\wp-content\themes\deltatheme\functions.php:1028
Stack trace:
#0 C:\wamp64\www\delta-theme-wp23\wp-includes\class-wp-hook.php(308): theme_customize_css('')
#1 C:\wamp64\www\delta-theme-wp23\wp-includes\class-wp-hook.php(332): WP_Hook->apply_filters(NULL, Array)
#2 C:\wamp64\www\delta-theme-wp23\wp-includes\plugin.php(517): WP_Hook->do_action(Array)
#3 C:\wamp64\www\delta-theme-wp23\wp-includes\general-template.php(3049): do_action('wp_head')
#4 C:\wamp64\www\delta-theme-wp23\wp-content\themes\deltatheme\header.php(11): wp_head()
#5 C:\wamp64\www\delta-theme-wp23\wp-includes\template.php(783): require_once('C:\\wamp64\\www\\d...')
#6 C:\wamp64\www\delta-theme-wp23\wp-includes\template.php(718): load_template('C:\\wamp64\\www\\d...', true, Array)
#7 C:\wamp64\www\delta-theme-wp23\wp-includes\general-template.php(48): locate_template(Array, true, true, Array)
#8 C:\wamp64\www\delta-theme-wp23\wp-content\themes\deltatheme\front-page.php(1): get_header()
#9 C:\wamp64\www\delta-theme-wp23\wp-includes\template-loader.php(106): include('C:\\wamp64\\www\\d...')
#10 C:\wamp64\www\delta-theme-wp23\wp-blog-header.php(19): require_once('C:\\wamp64\\www\\d...')
#11 C:\wamp64\www\delta-theme-wp23\index.php(17): require('C:\\wamp64\\www\\d...')
#12 {main}
  thrown dans C:\wamp64\www\delta-theme-wp23\wp-content\themes\deltatheme\functions.php à la ligne 1028

2023-06-19T09:52:53+00:00 CRITICAL Uncaught Error: Call to undefined function echoesc_attr() in C:\wamp64\www\delta-theme-wp23\wp-content\themes\deltatheme\functions.php:1028
Stack trace:
#0 C:\wamp64\www\delta-theme-wp23\wp-includes\class-wp-hook.php(308): theme_customize_css('')
#1 C:\wamp64\www\delta-theme-wp23\wp-includes\class-wp-hook.php(332): WP_Hook->apply_filters(NULL, Array)
#2 C:\wamp64\www\delta-theme-wp23\wp-includes\plugin.php(517): WP_Hook->do_action(Array)
#3 C:\wamp64\www\delta-theme-wp23\wp-includes\general-template.php(3049): do_action('wp_head')
#4 C:\wamp64\www\delta-theme-wp23\wp-content\themes\deltatheme\header.php(11): wp_head()
#5 C:\wamp64\www\delta-theme-wp23\wp-includes\template.php(783): require_once('C:\\wamp64\\www\\d...')
#6 C:\wamp64\www\delta-theme-wp23\wp-includes\template.php(718): load_template('C:\\wamp64\\www\\d...', true, Array)
#7 C:\wamp64\www\delta-theme-wp23\wp-includes\general-template.php(48): locate_template(Array, true, true, Array)
#8 C:\wamp64\www\delta-theme-wp23\wp-content\themes\deltatheme\front-page.php(1): get_header()
#9 C:\wamp64\www\delta-theme-wp23\wp-includes\template-loader.php(106): include('C:\\wamp64\\www\\d...')
#10 C:\wamp64\www\delta-theme-wp23\wp-blog-header.php(19): require_once('C:\\wamp64\\www\\d...')
#11 C:\wamp64\www\delta-theme-wp23\index.php(17): require('C:\\wamp64\\www\\d...')
#12 {main}
  thrown dans C:\wamp64\www\delta-theme-wp23\wp-content\themes\deltatheme\functions.php à la ligne 1028

2023-06-19T09:53:09+00:00 CRITICAL Uncaught Error: Call to undefined function echoesc_attr() in C:\wamp64\www\delta-theme-wp23\wp-content\themes\deltatheme\functions.php:1028
Stack trace:
#0 C:\wamp64\www\delta-theme-wp23\wp-includes\class-wp-hook.php(308): theme_customize_css('')
#1 C:\wamp64\www\delta-theme-wp23\wp-includes\class-wp-hook.php(332): WP_Hook->apply_filters(NULL, Array)
#2 C:\wamp64\www\delta-theme-wp23\wp-includes\plugin.php(517): WP_Hook->do_action(Array)
#3 C:\wamp64\www\delta-theme-wp23\wp-includes\general-template.php(3049): do_action('wp_head')
#4 C:\wamp64\www\delta-theme-wp23\wp-content\themes\deltatheme\header.php(11): wp_head()
#5 C:\wamp64\www\delta-theme-wp23\wp-includes\template.php(783): require_once('C:\\wamp64\\www\\d...')
#6 C:\wamp64\www\delta-theme-wp23\wp-includes\template.php(718): load_template('C:\\wamp64\\www\\d...', true, Array)
#7 C:\wamp64\www\delta-theme-wp23\wp-includes\general-template.php(48): locate_template(Array, true, true, Array)
#8 C:\wamp64\www\delta-theme-wp23\wp-content\themes\deltatheme\front-page.php(1): get_header()
#9 C:\wamp64\www\delta-theme-wp23\wp-includes\template-loader.php(106): include('C:\\wamp64\\www\\d...')
#10 C:\wamp64\www\delta-theme-wp23\wp-blog-header.php(19): require_once('C:\\wamp64\\www\\d...')
#11 C:\wamp64\www\delta-theme-wp23\index.php(17): require('C:\\wamp64\\www\\d...')
#12 {main}
  thrown dans C:\wamp64\www\delta-theme-wp23\wp-content\themes\deltatheme\functions.php à la ligne 1028

